TN:
SF:src/index.js
FNF:0
FNH:0
DA:1,1
DA:2,1
DA:3,1
DA:4,1
DA:5,1
DA:6,1
DA:7,1
DA:8,1
DA:9,1
DA:10,1
DA:11,0
DA:12,0
DA:13,1
DA:14,1
LF:14
LH:12
BRDA:10,0,0,0
BRF:1
BRH:0
end_of_record
TN:
SF:src/routes.js
FNF:0
FNH:0
DA:1,1
DA:2,1
DA:3,1
DA:4,1
DA:5,1
DA:6,1
DA:7,1
DA:8,1
DA:9,1
DA:10,1
DA:11,1
DA:12,1
DA:13,1
LF:13
LH:13
BRF:0
BRH:0
end_of_record
TN:
SF:src/app/controllers/StudentController.js
FN:5,index
FN:11,show
FN:20,store
FN:62,update
FN:112,delete
FNF:5
FNH:5
FNDA:1,index
FNDA:2,show
FNDA:7,store
FNDA:9,update
FNDA:2,delete
DA:1,1
DA:2,1
DA:3,1
DA:4,1
DA:5,1
DA:6,1
DA:7,1
DA:8,1
DA:9,1
DA:10,1
DA:11,1
DA:12,2
DA:13,2
DA:14,2
DA:15,2
DA:16,1
DA:17,1
DA:18,1
DA:19,1
DA:20,1
DA:21,7
DA:22,7
DA:23,7
DA:24,7
DA:25,7
DA:26,1
DA:27,1
DA:28,6
DA:29,7
DA:30,1
DA:31,1
DA:32,5
DA:33,7
DA:34,1
DA:35,1
DA:36,4
DA:37,7
DA:38,1
DA:39,1
DA:40,3
DA:41,7
DA:42,1
DA:43,1
DA:44,2
DA:45,2
DA:46,2
DA:47,7
DA:48,1
DA:49,1
DA:50,1
DA:51,7
DA:52,7
DA:53,7
DA:54,7
DA:55,7
DA:56,7
DA:57,7
DA:58,7
DA:59,7
DA:60,7
DA:61,1
DA:62,1
DA:63,9
DA:64,9
DA:65,9
DA:66,9
DA:67,9
DA:68,9
DA:69,9
DA:70,9
DA:71,9
DA:72,1
DA:73,1
DA:74,8
DA:75,9
DA:76,1
DA:77,1
DA:78,7
DA:79,9
DA:80,1
DA:81,1
DA:82,6
DA:83,9
DA:84,1
DA:85,1
DA:86,5
DA:87,9
DA:88,1
DA:89,1
DA:90,4
DA:91,9
DA:92,1
DA:93,1
DA:94,3
DA:95,3
DA:96,3
DA:97,9
DA:98,1
DA:99,1
DA:100,2
DA:101,9
DA:102,1
DA:103,1
DA:104,1
DA:105,1
DA:106,1
DA:107,1
DA:108,1
DA:109,1
DA:110,1
DA:111,1
DA:112,1
DA:113,2
DA:114,2
DA:115,2
DA:116,2
DA:117,2
DA:118,1
DA:119,1
DA:120,1
LF:120
LH:120
BRDA:5,0,0,1
BRDA:11,1,0,2
BRDA:15,2,0,1
BRDA:20,3,0,7
BRDA:25,4,0,1
BRDA:28,5,0,6
BRDA:29,6,0,1
BRDA:32,7,0,5
BRDA:33,8,0,1
BRDA:36,9,0,4
BRDA:37,10,0,1
BRDA:40,11,0,3
BRDA:41,12,0,1
BRDA:44,13,0,2
BRDA:47,14,0,1
BRDA:51,15,0,0
BRDA:62,16,0,9
BRDA:71,17,0,1
BRDA:74,18,0,8
BRDA:75,19,0,1
BRDA:78,20,0,7
BRDA:79,21,0,1
BRDA:82,22,0,6
BRDA:83,23,0,1
BRDA:86,24,0,5
BRDA:87,25,0,1
BRDA:90,26,0,4
BRDA:91,27,0,1
BRDA:94,28,0,3
BRDA:97,29,0,1
BRDA:100,30,0,2
BRDA:101,31,0,1
BRDA:112,32,0,2
BRF:33
BRH:32
end_of_record
TN:
SF:src/app/repositories/StudentsRepository.js
FN:4,findAll
FN:8,findById
FN:13,findByEmail
FN:18,findLast
FN:23,create
FN:35,update
FN:49,delete
FNF:7
FNH:7
FNDA:1,findAll
FNDA:11,findById
FNDA:5,findByEmail
FNDA:1,findLast
FNDA:1,create
FNDA:1,update
FNDA:2,delete
DA:1,1
DA:2,1
DA:3,1
DA:4,1
DA:5,1
DA:6,1
DA:7,1
DA:8,1
DA:9,11
DA:10,11
DA:11,11
DA:12,1
DA:13,1
DA:14,5
DA:15,5
DA:16,5
DA:17,1
DA:18,1
DA:19,1
DA:20,1
DA:21,1
DA:22,1
DA:23,1
DA:24,1
DA:25,1
DA:26,1
DA:27,1
DA:28,1
DA:29,1
DA:30,1
DA:31,1
DA:32,1
DA:33,1
DA:34,1
DA:35,1
DA:36,1
DA:37,1
DA:38,1
DA:39,1
DA:40,1
DA:41,1
DA:42,1
DA:43,4
DA:44,4
DA:45,1
DA:46,1
DA:47,1
DA:48,1
DA:49,1
DA:50,2
DA:51,2
DA:52,2
DA:53,2
DA:54,1
DA:55,1
DA:56,1
LF:56
LH:56
BRDA:4,0,0,1
BRDA:8,1,0,11
BRDA:9,2,0,20
BRDA:13,3,0,5
BRDA:14,4,0,16
BRDA:18,5,0,1
BRDA:23,6,0,1
BRDA:35,7,0,1
BRDA:42,8,0,5
BRDA:42,9,0,1
BRDA:42,10,0,4
BRDA:49,11,0,2
BRDA:50,12,0,9
BRF:13
BRH:13
end_of_record
TN:
SF:src/mocks/students.js
FNF:0
FNH:0
DA:1,1
DA:2,1
DA:3,1
DA:4,1
DA:5,1
DA:6,1
DA:7,1
DA:8,1
DA:9,1
DA:10,1
DA:11,1
DA:12,1
DA:13,1
DA:14,1
DA:15,1
DA:16,1
DA:17,1
DA:18,1
DA:19,1
DA:20,1
DA:21,1
DA:22,1
DA:23,1
DA:24,1
DA:25,1
DA:26,1
DA:27,1
DA:28,1
DA:29,1
DA:30,1
DA:31,1
DA:32,1
DA:33,1
DA:34,1
DA:35,1
DA:36,1
DA:37,1
DA:38,1
DA:39,1
DA:40,1
DA:41,1
DA:42,1
DA:43,1
DA:44,1
DA:45,1
DA:46,1
DA:47,1
DA:48,1
DA:49,1
DA:50,1
DA:51,1
DA:52,1
DA:53,1
DA:54,1
DA:55,1
DA:56,1
LF:56
LH:56
BRF:0
BRH:0
end_of_record
TN:
SF:src/utils/isEmailValid.js
FN:1,isEmailValid
FNF:1
FNH:1
FNDA:9,isEmailValid
DA:1,9
DA:2,9
DA:3,9
DA:4,9
DA:5,1
DA:6,1
LF:6
LH:6
BRDA:1,0,0,9
BRF:1
BRH:1
end_of_record
