TN:
SF:src/index.js
FNF:0
FNH:0
DA:1,1
DA:2,1
DA:3,1
DA:4,1
DA:5,1
DA:6,1
DA:7,1
DA:8,1
DA:9,1
DA:10,1
DA:11,0
DA:12,0
DA:13,1
DA:14,1
LF:14
LH:12
BRDA:10,0,0,0
BRF:1
BRH:0
end_of_record
TN:
SF:src/routes.js
FNF:0
FNH:0
DA:1,1
DA:2,1
DA:3,1
DA:4,1
DA:5,1
DA:6,1
DA:7,1
DA:8,1
DA:9,1
DA:10,1
DA:11,1
DA:12,1
DA:13,1
LF:13
LH:13
BRF:0
BRH:0
end_of_record
TN:
SF:src/app/controllers/StudentController.js
FN:6,index
FN:12,show
FN:21,store
FN:67,update
FN:121,delete
FNF:5
FNH:5
FNDA:1,index
FNDA:2,show
FNDA:8,store
FNDA:10,update
FNDA:2,delete
DA:1,1
DA:2,1
DA:3,1
DA:4,1
DA:5,1
DA:6,1
DA:7,1
DA:8,1
DA:9,1
DA:10,1
DA:11,1
DA:12,1
DA:13,2
DA:14,2
DA:15,2
DA:16,2
DA:17,1
DA:18,1
DA:19,1
DA:20,1
DA:21,1
DA:22,8
DA:23,8
DA:24,8
DA:25,8
DA:26,8
DA:27,1
DA:28,1
DA:29,7
DA:30,8
DA:31,1
DA:32,1
DA:33,6
DA:34,8
DA:35,1
DA:36,1
DA:37,5
DA:38,8
DA:39,1
DA:40,1
DA:41,4
DA:42,8
DA:43,1
DA:44,1
DA:45,3
DA:46,3
DA:47,3
DA:48,8
DA:49,1
DA:50,1
DA:51,2
DA:52,8
DA:53,1
DA:54,1
DA:55,1
DA:56,8
DA:57,8
DA:58,8
DA:59,8
DA:60,8
DA:61,8
DA:62,8
DA:63,8
DA:64,8
DA:65,8
DA:66,1
DA:67,1
DA:68,10
DA:69,10
DA:70,10
DA:71,10
DA:72,10
DA:73,10
DA:74,10
DA:75,10
DA:76,10
DA:77,1
DA:78,1
DA:79,9
DA:80,10
DA:81,1
DA:82,1
DA:83,8
DA:84,10
DA:85,1
DA:86,1
DA:87,7
DA:88,10
DA:89,1
DA:90,1
DA:91,6
DA:92,10
DA:93,1
DA:94,1
DA:95,5
DA:96,10
DA:97,1
DA:98,1
DA:99,4
DA:100,4
DA:101,4
DA:102,10
DA:103,1
DA:104,1
DA:105,3
DA:106,10
DA:107,1
DA:108,1
DA:109,2
DA:110,10
DA:111,1
DA:112,1
DA:113,1
DA:114,1
DA:115,1
DA:116,1
DA:117,1
DA:118,1
DA:119,1
DA:120,1
DA:121,1
DA:122,2
DA:123,2
DA:124,2
DA:125,2
DA:126,2
DA:127,1
DA:128,1
DA:129,1
LF:129
LH:129
BRDA:6,0,0,1
BRDA:12,1,0,2
BRDA:16,2,0,1
BRDA:21,3,0,8
BRDA:26,4,0,1
BRDA:29,5,0,7
BRDA:30,6,0,1
BRDA:33,7,0,6
BRDA:34,8,0,1
BRDA:37,9,0,5
BRDA:38,10,0,1
BRDA:41,11,0,4
BRDA:42,12,0,1
BRDA:45,13,0,3
BRDA:48,14,0,1
BRDA:51,15,0,2
BRDA:52,16,0,1
BRDA:56,17,0,0
BRDA:67,18,0,10
BRDA:76,19,0,1
BRDA:79,20,0,9
BRDA:80,21,0,1
BRDA:83,22,0,8
BRDA:84,23,0,1
BRDA:87,24,0,7
BRDA:88,25,0,1
BRDA:91,26,0,6
BRDA:92,27,0,1
BRDA:95,28,0,5
BRDA:96,29,0,1
BRDA:99,30,0,4
BRDA:102,31,0,1
BRDA:105,32,0,3
BRDA:106,33,0,1
BRDA:109,34,0,2
BRDA:110,35,0,1
BRDA:121,36,0,2
BRF:37
BRH:36
end_of_record
TN:
SF:src/app/repositories/StudentsRepository.js
FN:4,findAll
FN:8,findById
FN:13,findByEmail
FN:18,findLast
FN:23,create
FN:35,update
FN:49,delete
FNF:7
FNH:7
FNDA:1,findAll
FNDA:12,findById
FNDA:7,findByEmail
FNDA:1,findLast
FNDA:1,create
FNDA:1,update
FNDA:2,delete
DA:1,1
DA:2,1
DA:3,1
DA:4,1
DA:5,1
DA:6,1
DA:7,1
DA:8,1
DA:9,12
DA:10,12
DA:11,12
DA:12,1
DA:13,1
DA:14,7
DA:15,7
DA:16,7
DA:17,1
DA:18,1
DA:19,1
DA:20,1
DA:21,1
DA:22,1
DA:23,1
DA:24,1
DA:25,1
DA:26,1
DA:27,1
DA:28,1
DA:29,1
DA:30,1
DA:31,1
DA:32,1
DA:33,1
DA:34,1
DA:35,1
DA:36,1
DA:37,1
DA:38,1
DA:39,1
DA:40,1
DA:41,1
DA:42,1
DA:43,4
DA:44,4
DA:45,1
DA:46,1
DA:47,1
DA:48,1
DA:49,1
DA:50,2
DA:51,2
DA:52,2
DA:53,2
DA:54,1
DA:55,1
DA:56,1
LF:56
LH:56
BRDA:4,0,0,1
BRDA:8,1,0,12
BRDA:9,2,0,21
BRDA:13,3,0,7
BRDA:14,4,0,22
BRDA:18,5,0,1
BRDA:23,6,0,1
BRDA:35,7,0,1
BRDA:42,8,0,5
BRDA:42,9,0,1
BRDA:42,10,0,4
BRDA:49,11,0,2
BRDA:50,12,0,9
BRF:13
BRH:13
end_of_record
TN:
SF:src/helpers/isDegreeExistent.js
FN:3,isDegreeExistent
FNF:1
FNH:1
FNDA:6,isDegreeExistent
DA:1,1
DA:2,1
DA:3,6
DA:4,6
DA:5,6
DA:6,1
DA:7,1
LF:7
LH:7
BRDA:3,0,0,6
BRDA:4,1,0,26
BRF:2
BRH:2
end_of_record
TN:
SF:src/mocks/degrees.js
FNF:0
FNH:0
DA:1,1
DA:2,1
DA:3,1
DA:4,1
DA:5,1
DA:6,1
DA:7,1
DA:8,1
DA:9,1
DA:10,1
DA:11,1
LF:11
LH:11
BRF:0
BRH:0
end_of_record
TN:
SF:src/mocks/students.js
FNF:0
FNH:0
DA:1,1
DA:2,1
DA:3,1
DA:4,1
DA:5,1
DA:6,1
DA:7,1
DA:8,1
DA:9,1
DA:10,1
DA:11,1
DA:12,1
DA:13,1
DA:14,1
DA:15,1
DA:16,1
DA:17,1
DA:18,1
DA:19,1
DA:20,1
DA:21,1
DA:22,1
DA:23,1
DA:24,1
DA:25,1
DA:26,1
DA:27,1
DA:28,1
DA:29,1
DA:30,1
DA:31,1
DA:32,1
DA:33,1
DA:34,1
DA:35,1
DA:36,1
DA:37,1
DA:38,1
DA:39,1
DA:40,1
DA:41,1
DA:42,1
DA:43,1
DA:44,1
DA:45,1
DA:46,1
DA:47,1
DA:48,1
DA:49,1
DA:50,1
DA:51,1
DA:52,1
DA:53,1
DA:54,1
DA:55,1
DA:56,1
LF:56
LH:56
BRF:0
BRH:0
end_of_record
TN:
SF:src/utils/isEmailValid.js
FN:1,isEmailValid
FNF:1
FNH:1
FNDA:11,isEmailValid
DA:1,11
DA:2,11
DA:3,11
DA:4,11
DA:5,1
DA:6,1
LF:6
LH:6
BRDA:1,0,0,11
BRF:1
BRH:1
end_of_record
